::1 - 2025-05-24 18:17:26 - Error Page Not Found in C:\Apache24\htdocs\LandRegistrysystem\src\core\Router.php on line 81 /.well-known/appspecific/com.chrome.devtools.json
::1 - 2025-05-24 18:19:27 - Error Page Not Found in C:\Apache24\htdocs\LandRegistrysystem\src\core\Router.php on line 81 /.well-known/appspecific/com.chrome.devtools.json
::1 - 2025-05-24 18:22:09 - Error Page Not Found in C:\Apache24\htdocs\LandRegistrysystem\src\core\Router.php on line 81 /.well-known/appspecific/com.chrome.devtools.json
::1 - 2025-05-24 18:40:21 - Error Page Not Found in C:\Apache24\htdocs\LandRegistrysystem\src\core\Router.php on line 81 /.well-known/appspecific/com.chrome.devtools.json
::1 - 2025-05-24 18:47:54 - Error Page Not Found in C:\Apache24\htdocs\LandRegistrysystem\src\core\Router.php on line 81 /.well-known/appspecific/com.chrome.devtools.json
::1 - 2025-05-24 18:49:45 - Error Page Not Found in C:\Apache24\htdocs\LandRegistrysystem\src\core\Router.php on line 81 /.well-known/appspecific/com.chrome.devtools.json
::1 - 2025-05-24 19:08:01 - Error Page Not Found in C:\Apache24\htdocs\LandRegistrysystem\src\core\Router.php on line 81 /.well-known/appspecific/com.chrome.devtools.json
::1 - 2025-05-24 19:08:13 - Error Page Not Found in C:\Apache24\htdocs\LandRegistrysystem\src\core\Router.php on line 81 /.well-known/appspecific/com.chrome.devtools.json
::1 - 2025-05-24 19:08:15 - Error Page Not Found in C:\Apache24\htdocs\LandRegistrysystem\src\core\Router.php on line 81 /.well-known/appspecific/com.chrome.devtools.json
::1 - 2025-05-24 19:08:15 - Error Page Not Found in C:\Apache24\htdocs\LandRegistrysystem\src\core\Router.php on line 81 /.well-known/appspecific/com.chrome.devtools.json
::1 - 2025-05-24 19:09:28 - Error Page Not Found in C:\Apache24\htdocs\LandRegistrysystem\src\core\Router.php on line 81 /.well-known/appspecific/com.chrome.devtools.json
::1 - 2025-05-24 19:12:39 - Error Page Not Found in C:\Apache24\htdocs\LandRegistrysystem\src\core\Router.php on line 81 /.well-known/appspecific/com.chrome.devtools.json
::1 - 2025-05-24 19:12:43 - Error Page Not Found in C:\Apache24\htdocs\LandRegistrysystem\src\core\Router.php on line 81 /.well-known/appspecific/com.chrome.devtools.json
::1 - 2025-05-24 19:15:57 - Error Page Not Found in C:\Apache24\htdocs\LandRegistrysystem\src\core\Router.php on line 81 /.well-known/appspecific/com.chrome.devtools.json
::1 - 2025-05-24 19:17:17 - Error Page Not Found in C:\Apache24\htdocs\LandRegistrysystem\src\core\Router.php on line 81 /.well-known/appspecific/com.chrome.devtools.json
::1 - 2025-05-24 19:24:29 - Error Page Not Found in C:\Apache24\htdocs\LandRegistrysystem\src\core\Router.php on line 81 /.well-known/appspecific/com.chrome.devtools.json
::1 - 2025-05-24 19:30:59 - Error Page Not Found in C:\Apache24\htdocs\LandRegistrysystem\src\core\Router.php on line 81 /phpinfo.php
::1 - 2025-05-24 20:25:18 - Error Class file not found: C:\Apache24\htdocs\LandRegistrysystem\public\..\src\core\PDO.php in C:\Apache24\htdocs\LandRegistrysystem\src\core\AutoLoader.php on line 19 /login
::1 - 2025-05-24 20:31:05 - Error Class file not found: C:\Apache24\htdocs\LandRegistrysystem\public\..\src\CSRFToken.php in C:\Apache24\htdocs\LandRegistrysystem\src\core\AutoLoader.php on line 19 /login
::1 - 2025-05-24 20:31:14 - Error Class file not found: C:\Apache24\htdocs\LandRegistrysystem\public\..\src\CSRFToken.php in C:\Apache24\htdocs\LandRegistrysystem\src\core\AutoLoader.php on line 19 /login
::1 - 2025-05-24 20:31:15 - Error Class file not found: C:\Apache24\htdocs\LandRegistrysystem\public\..\src\CSRFToken.php in C:\Apache24\htdocs\LandRegistrysystem\src\core\AutoLoader.php on line 19 /register
::1 - 2025-05-24 21:05:01 - Error Page Not Found in C:\Apache24\htdocs\LandRegistrysystem\src\core\Router.php on line 81 /.well-known/appspecific/com.chrome.devtools.json
::1 - 2025-05-24 21:31:22 - Error Page Not Found in C:\Apache24\htdocs\LandRegistrysystem\src\core\Router.php on line 81 /processSellRequest
::1 - 2025-05-24 21:32:07 - Error Page Not Found in C:\Apache24\htdocs\LandRegistrysystem\src\core\Router.php on line 81 /processSellRequest
::1 - 2025-05-24 21:32:42 - Error Page Not Found in C:\Apache24\htdocs\LandRegistrysystem\src\core\Router.php on line 81 /processSellRequest
::1 - 2025-05-24 21:43:51 - Error Page Not Found in C:\Apache24\htdocs\LandRegistrysystem\src\core\Router.php on line 81 /sellReq
::1 - 2025-05-24 21:48:28 - Error Page Not Found in C:\Apache24\htdocs\LandRegistrysystem\src\core\Router.php on line 81 /sellReq
::1 - 2025-05-24 21:50:12 - Error Page Not Found in C:\Apache24\htdocs\LandRegistrysystem\src\core\Router.php on line 81 /sellReq
::1 - 2025-05-24 21:50:14 - Error Page Not Found in C:\Apache24\htdocs\LandRegistrysystem\src\core\Router.php on line 81 /sellReq
::1 - 2025-05-24 21:50:19 - Error Page Not Found in C:\Apache24\htdocs\LandRegistrysystem\src\core\Router.php on line 81 /sellReq
::1 - 2025-05-24 21:51:03 - Error Page Not Found in C:\Apache24\htdocs\LandRegistrysystem\src\core\Router.php on line 81 /sellReq
::1 - 2025-05-24 21:51:27 - Error Page Not Found in C:\Apache24\htdocs\LandRegistrysystem\src\core\Router.php on line 81 /sellReq
::1 - 2025-05-24 21:51:36 - Error Page Not Found in C:\Apache24\htdocs\LandRegistrysystem\src\core\Router.php on line 81 /sellReq
::1 - 2025-05-24 22:07:51 - Error Page Not Found in C:\Apache24\htdocs\LandRegistrysystem\src\core\Router.php on line 81 /.well-known/appspecific/com.chrome.devtools.json
::1 - 2025-05-24 22:08:30 - Error Page Not Found in C:\Apache24\htdocs\LandRegistrysystem\src\core\Router.php on line 81 /.well-known/appspecific/com.chrome.devtools.json
::1 - 2025-05-24 22:14:32 - Error Page Not Found in C:\Apache24\htdocs\LandRegistrysystem\src\core\Router.php on line 81 /Vids/hero-bg.jpg
::1 - 2025-05-24 22:14:59 - Error Page Not Found in C:\Apache24\htdocs\LandRegistrysystem\src\core\Router.php on line 81 /Vids/hero-bg.jpg
::1 - 2025-05-24 22:23:19 - Error Page Not Found in C:\Apache24\htdocs\LandRegistrysystem\src\core\Router.php on line 81 /public/images/bg.mp4
::1 - 2025-05-24 22:23:35 - Error Page Not Found in C:\Apache24\htdocs\LandRegistrysystem\src\core\Router.php on line 81 /public/images/bg.mp4
::1 - 2025-05-25 12:57:10 - Error Page Not Found in C:\Apache24\htdocs\LandRegistrysystem\src\core\Router.php on line 81 /Vids/dls-building.jpg
::1 - 2025-05-25 12:57:10 - Error Page Not Found in C:\Apache24\htdocs\LandRegistrysystem\src\core\Router.php on line 81 /Vids/vision-icon.svg
::1 - 2025-05-25 12:57:10 - Error Page Not Found in C:\Apache24\htdocs\LandRegistrysystem\src\core\Router.php on line 81 /Vids/mission-icon.svg
::1 - 2025-05-25 12:57:10 - Error Page Not Found in C:\Apache24\htdocs\LandRegistrysystem\src\core\Router.php on line 81 /Vids/dls-history.jpg
::1 - 2025-05-25 12:57:10 - Error Page Not Found in C:\Apache24\htdocs\LandRegistrysystem\src\core\Router.php on line 81 /Vids/integrity-icon.svg
::1 - 2025-05-25 12:57:10 - Error Page Not Found in C:\Apache24\htdocs\LandRegistrysystem\src\core\Router.php on line 81 /Vids/innovation-icon.svg
::1 - 2025-05-25 12:57:10 - Error Page Not Found in C:\Apache24\htdocs\LandRegistrysystem\src\core\Router.php on line 81 /Vids/transparency-icon.svg
::1 - 2025-05-25 12:57:10 - Error Page Not Found in C:\Apache24\htdocs\LandRegistrysystem\src\core\Router.php on line 81 /Vids/excellence-icon.svg
::1 - 2025-05-25 12:57:10 - Error Page Not Found in C:\Apache24\htdocs\LandRegistrysystem\src\core\Router.php on line 81 /Vids/trust-icon.svg
::1 - 2025-05-25 12:57:10 - Error Page Not Found in C:\Apache24\htdocs\LandRegistrysystem\src\core\Router.php on line 81 /Vids/properties-icon.svg
::1 - 2025-05-25 12:57:10 - Error Page Not Found in C:\Apache24\htdocs\LandRegistrysystem\src\core\Router.php on line 81 /Vids/years-icon.svg
::1 - 2025-05-25 12:57:10 - Error Page Not Found in C:\Apache24\htdocs\LandRegistrysystem\src\core\Router.php on line 81 /Vids/digital-icon.svg
::1 - 2025-05-25 12:57:10 - Error Page Not Found in C:\Apache24\htdocs\LandRegistrysystem\src\core\Router.php on line 81 /Vids/establishment.jpg
::1 - 2025-05-25 12:57:10 - Error Page Not Found in C:\Apache24\htdocs\LandRegistrysystem\src\core\Router.php on line 81 /Vids/modern-system.jpg
::1 - 2025-05-25 12:57:10 - Error Page Not Found in C:\Apache24\htdocs\LandRegistrysystem\src\core\Router.php on line 81 /Vids/e-services.jpg
::1 - 2025-05-25 12:57:10 - Error Page Not Found in C:\Apache24\htdocs\LandRegistrysystem\src\core\Router.php on line 81 /Vids/digital-mapping.jpg
::1 - 2025-05-25 12:57:10 - Error Page Not Found in C:\Apache24\htdocs\LandRegistrysystem\src\core\Router.php on line 81 /Vids/digital-transformation.jpg
::1 - 2025-05-25 13:32:39 - Error Page Not Found in C:\Apache24\htdocs\LandRegistrysystem\src\core\Router.php on line 81 /.well-known/appspecific/com.chrome.devtools.json
